<?xml version="1.0" encoding="UTF-8"?>
<!-- Generated by org.testng.reporters.JUnitReportReporter -->
<testsuite hostname="ATMECSINDT-045" failures="0" tests="1" name="com.atmecs.Yatra" time="19.502" errors="0" timestamp="2020-02-13T12:50:43 IST" skipped="0">
  <testcase classname="com.atmecs.Yatra" name="Travel" time="19.502"/>
</testsuite> <!-- com.atmecs.Yatra -->
